000 (22328.000.000) 04/22 20:32:41 Job submitted from host: <192.168.100.49:9618?addrs=192.168.100.49-9618&noUDP&sock=1055_3881_3>
...
001 (22328.000.000) 04/22 20:32:41 Job executing on host: <192.168.100.53:9618?addrs=192.168.100.53-9618&noUDP&sock=5356_5956_4>
...
006 (22328.000.000) 04/22 20:32:50 Image size of job updated: 307584
	301  -  MemoryUsage of job (MB)
	307584  -  ResidentSetSize of job (KB)
...
006 (22328.000.000) 04/22 20:34:32 Image size of job updated: 788672
	301  -  MemoryUsage of job (MB)
	307584  -  ResidentSetSize of job (KB)
...
005 (22328.000.000) 04/22 20:34:32 Job terminated.
	(1) Normal termination (return value 1)
		Usr 0 00:01:45, Sys 0 00:00:02  -  Run Remote Usage
		Usr 0 00:00:00, Sys 0 00:00:00  -  Run Local Usage
		Usr 0 00:01:45, Sys 0 00:00:02  -  Total Remote Usage
		Usr 0 00:00:00, Sys 0 00:00:00  -  Total Local Usage
	0  -  Run Bytes Sent By Job
	0  -  Run Bytes Received By Job
	0  -  Total Bytes Sent By Job
	0  -  Total Bytes Received By Job
	Partitionable Resources :    Usage  Request Allocated
	   Cpus                 :                 1         1
	   Disk (KB)            :        1        1   2017883
	   Memory (MB)          :      301        1         1
...
000 (22329.000.000) 04/22 22:46:51 Job submitted from host: <192.168.100.49:9618?addrs=192.168.100.49-9618&noUDP&sock=1055_3881_3>
...
001 (22329.000.000) 04/22 22:46:54 Job executing on host: <192.168.100.53:9618?addrs=192.168.100.53-9618&noUDP&sock=5356_5956_4>
...
006 (22329.000.000) 04/22 22:47:02 Image size of job updated: 302264
	296  -  MemoryUsage of job (MB)
	302264  -  ResidentSetSize of job (KB)
...
006 (22329.000.000) 04/22 22:52:02 Image size of job updated: 4181200
	4084  -  MemoryUsage of job (MB)
	4181200  -  ResidentSetSize of job (KB)
...
006 (22329.000.000) 04/22 22:57:03 Image size of job updated: 4235968
	4137  -  MemoryUsage of job (MB)
	4235968  -  ResidentSetSize of job (KB)
...
006 (22329.000.000) 04/22 23:02:04 Image size of job updated: 4235968
	4137  -  MemoryUsage of job (MB)
	4236024  -  ResidentSetSize of job (KB)
...
005 (22329.000.000) 04/22 23:08:26 Job terminated.
	(1) Normal termination (return value 0)
		Usr 0 00:20:55, Sys 0 00:00:22  -  Run Remote Usage
		Usr 0 00:00:00, Sys 0 00:00:00  -  Run Local Usage
		Usr 0 00:20:55, Sys 0 00:00:22  -  Total Remote Usage
		Usr 0 00:00:00, Sys 0 00:00:00  -  Total Local Usage
	0  -  Run Bytes Sent By Job
	0  -  Run Bytes Received By Job
	0  -  Total Bytes Sent By Job
	0  -  Total Bytes Received By Job
	Partitionable Resources :    Usage  Request Allocated
	   Cpus                 :                 1         1
	   Disk (KB)            :        1        1   2017883
	   Memory (MB)          :     4137        1         1
...
000 (22330.000.000) 04/23 00:34:47 Job submitted from host: <192.168.100.49:9618?addrs=192.168.100.49-9618&noUDP&sock=1055_3881_3>
...
001 (22330.000.000) 04/23 00:34:48 Job executing on host: <192.168.100.60:9618?addrs=192.168.100.60-9618&noUDP&sock=1851365_fa81_4>
...
006 (22330.000.000) 04/23 00:34:57 Image size of job updated: 220996
	215  -  MemoryUsage of job (MB)
	220112  -  ResidentSetSize of job (KB)
...
006 (22330.000.000) 04/23 00:39:58 Image size of job updated: 2703516
	2640  -  MemoryUsage of job (MB)
	2702632  -  ResidentSetSize of job (KB)
...
006 (22330.000.000) 04/23 00:44:59 Image size of job updated: 3916244
	3824  -  MemoryUsage of job (MB)
	3915360  -  ResidentSetSize of job (KB)
...
005 (22330.000.000) 04/23 01:01:41 Job terminated.
	(1) Normal termination (return value 0)
		Usr 0 00:24:49, Sys 0 00:01:46  -  Run Remote Usage
		Usr 0 00:00:00, Sys 0 00:00:00  -  Run Local Usage
		Usr 0 00:24:49, Sys 0 00:01:46  -  Total Remote Usage
		Usr 0 00:00:00, Sys 0 00:00:00  -  Total Local Usage
	0  -  Run Bytes Sent By Job
	0  -  Run Bytes Received By Job
	0  -  Total Bytes Sent By Job
	0  -  Total Bytes Received By Job
	Partitionable Resources :    Usage  Request Allocated
	   Cpus                 :                 1         1
	   Disk (KB)            :        1        1   2299360
	   Gpus                 :                           0
	   Memory (MB)          :     3824        1         1
...
000 (22332.000.000) 04/23 20:10:38 Job submitted from host: <192.168.100.49:9618?addrs=192.168.100.49-9618&noUDP&sock=1055_3881_3>
...
001 (22332.000.000) 04/23 20:10:39 Job executing on host: <192.168.100.53:9618?addrs=192.168.100.53-9618&noUDP&sock=5356_5956_4>
...
006 (22332.000.000) 04/23 20:10:47 Image size of job updated: 284340
	278  -  MemoryUsage of job (MB)
	284340  -  ResidentSetSize of job (KB)
...
006 (22332.000.000) 04/23 20:15:47 Image size of job updated: 3646608
	3562  -  MemoryUsage of job (MB)
	3646608  -  ResidentSetSize of job (KB)
...
006 (22332.000.000) 04/23 20:20:48 Image size of job updated: 4181000
	4084  -  MemoryUsage of job (MB)
	4181000  -  ResidentSetSize of job (KB)
...
006 (22332.000.000) 04/23 20:25:49 Image size of job updated: 4181000
	4084  -  MemoryUsage of job (MB)
	4181072  -  ResidentSetSize of job (KB)
...
005 (22332.000.000) 04/23 20:34:34 Job terminated.
	(1) Normal termination (return value 0)
		Usr 0 00:23:03, Sys 0 00:00:37  -  Run Remote Usage
		Usr 0 00:00:00, Sys 0 00:00:00  -  Run Local Usage
		Usr 0 00:23:03, Sys 0 00:00:37  -  Total Remote Usage
		Usr 0 00:00:00, Sys 0 00:00:00  -  Total Local Usage
	0  -  Run Bytes Sent By Job
	0  -  Run Bytes Received By Job
	0  -  Total Bytes Sent By Job
	0  -  Total Bytes Received By Job
	Partitionable Resources :    Usage  Request Allocated
	   Cpus                 :                 1         1
	   Disk (KB)            :        1        1   2017883
	   Memory (MB)          :     4084        1         1
...
