---------------------------------------------
9 ROUGE-1 Average_R: 0.16196 (95%-conf.int. 0.14369 - 0.18084)
9 ROUGE-1 Average_P: 0.20005 (95%-conf.int. 0.17837 - 0.22189)
9 ROUGE-1 Average_F: 0.17844 (95%-conf.int. 0.15857 - 0.19836)
.............................................
9 ROUGE-1 Eval D1001-A.M.100.A.9 R:0.15638 P:0.19388 F:0.17312
9 ROUGE-1 Eval D1002-A.M.100.A.9 R:0.21757 P:0.25000 F:0.23266
9 ROUGE-1 Eval D1003-A.M.100.A.9 R:0.18182 P:0.19444 F:0.18792
9 ROUGE-1 Eval D1004-A.M.100.A.9 R:0.10744 P:0.11818 F:0.11255
9 ROUGE-1 Eval D1005-A.M.100.A.9 R:0.19262 P:0.21364 F:0.20259
9 ROUGE-1 Eval D1006-A.M.100.A.9 R:0.16092 P:0.23864 F:0.19222
9 ROUGE-1 Eval D1007-A.M.100.B.9 R:0.23556 P:0.26500 F:0.24941
9 ROUGE-1 Eval D1008-A.M.100.B.9 R:0.07661 P:0.09314 F:0.08407
9 ROUGE-1 Eval D1009-A.M.100.B.9 R:0.20354 P:0.23469 F:0.21801
9 ROUGE-1 Eval D1010-A.M.100.B.9 R:0.14400 P:0.18000 F:0.16000
9 ROUGE-1 Eval D1011-A.M.100.C.9 R:0.08621 P:0.09259 F:0.08929
9 ROUGE-1 Eval D1012-A.M.100.C.9 R:0.23171 P:0.27404 F:0.25110
9 ROUGE-1 Eval D1013-A.M.100.C.9 R:0.06827 P:0.09043 F:0.07780
9 ROUGE-1 Eval D1014-A.M.100.C.9 R:0.12971 P:0.14904 F:0.13870
9 ROUGE-1 Eval D1015-A.M.100.C.9 R:0.14717 P:0.23780 F:0.18182
9 ROUGE-1 Eval D1016-A.M.100.C.9 R:0.20628 P:0.22549 F:0.21546
9 ROUGE-1 Eval D1017-A.M.100.D.9 R:0.15918 P:0.23214 F:0.18886
9 ROUGE-1 Eval D1018-A.M.100.D.9 R:0.15481 P:0.22561 F:0.18362
9 ROUGE-1 Eval D1019-A.M.100.D.9 R:0.23750 P:0.32386 F:0.27404
9 ROUGE-1 Eval D1020-A.M.100.D.9 R:0.13223 P:0.18182 F:0.15311
9 ROUGE-1 Eval D1021-A.M.100.D.9 R:0.10593 P:0.15625 F:0.12626
9 ROUGE-1 Eval D1022-A.M.100.D.9 R:0.14226 P:0.19318 F:0.16386
9 ROUGE-1 Eval D1023-A.M.100.E.9 R:0.09917 P:0.13953 F:0.11594
9 ROUGE-1 Eval D1024-A.M.100.E.9 R:0.06250 P:0.07812 F:0.06944
9 ROUGE-1 Eval D1025-A.M.100.E.9 R:0.17257 P:0.19898 F:0.18484
9 ROUGE-1 Eval D1026-A.M.100.E.9 R:0.09829 P:0.09914 F:0.09871
9 ROUGE-1 Eval D1027-A.M.100.E.9 R:0.33730 P:0.38636 F:0.36017
9 ROUGE-1 Eval D1028-A.M.100.E.9 R:0.20000 P:0.22642 F:0.21239
9 ROUGE-1 Eval D1029-A.M.100.F.9 R:0.21667 P:0.24528 F:0.23009
9 ROUGE-1 Eval D1030-A.M.100.F.9 R:0.03968 P:0.05319 F:0.04545
9 ROUGE-1 Eval D1031-A.M.100.F.9 R:0.10612 P:0.11818 F:0.11183
9 ROUGE-1 Eval D1032-A.M.100.F.9 R:0.26718 P:0.36458 F:0.30837
9 ROUGE-1 Eval D1033-A.M.100.F.9 R:0.15702 P:0.16964 F:0.16309
9 ROUGE-1 Eval D1034-A.M.100.F.9 R:0.06584 P:0.09524 F:0.07786
9 ROUGE-1 Eval D1035-A.M.100.G.9 R:0.15041 P:0.18137 F:0.16445
9 ROUGE-1 Eval D1036-A.M.100.G.9 R:0.09388 P:0.14024 F:0.11247
9 ROUGE-1 Eval D1037-A.M.100.G.9 R:0.16204 P:0.17500 F:0.16827
9 ROUGE-1 Eval D1038-A.M.100.G.9 R:0.20000 P:0.27717 F:0.23234
9 ROUGE-1 Eval D1039-A.M.100.G.9 R:0.19184 P:0.23980 F:0.21316
9 ROUGE-1 Eval D1040-A.M.100.G.9 R:0.20426 P:0.21053 F:0.20735
9 ROUGE-1 Eval D1041-A.M.100.H.9 R:0.08661 P:0.10577 F:0.09524
9 ROUGE-1 Eval D1042-A.M.100.H.9 R:0.24664 P:0.28061 F:0.26253
9 ROUGE-1 Eval D1043-A.M.100.H.9 R:0.28814 P:0.35417 F:0.31776
9 ROUGE-1 Eval D1044-A.M.100.H.9 R:0.13080 P:0.19375 F:0.15617
9 ROUGE-1 Eval D1045-A.M.100.H.9 R:0.24803 P:0.32143 F:0.28000
9 ROUGE-1 Eval D1046-A.M.100.H.9 R:0.15748 P:0.19231 F:0.17316
---------------------------------------------
9 ROUGE-2 Average_R: 0.03677 (95%-conf.int. 0.02824 - 0.04584)
9 ROUGE-2 Average_P: 0.04512 (95%-conf.int. 0.03454 - 0.05606)
9 ROUGE-2 Average_F: 0.04039 (95%-conf.int. 0.03094 - 0.05021)
.............................................
9 ROUGE-2 Eval D1001-A.M.100.A.9 R:0.03347 P:0.04167 F:0.03712
9 ROUGE-2 Eval D1002-A.M.100.A.9 R:0.07660 P:0.08824 F:0.08201
9 ROUGE-2 Eval D1003-A.M.100.A.9 R:0.02643 P:0.02830 F:0.02733
9 ROUGE-2 Eval D1004-A.M.100.A.9 R:0.02101 P:0.02315 F:0.02203
9 ROUGE-2 Eval D1005-A.M.100.A.9 R:0.04583 P:0.05093 F:0.04825
9 ROUGE-2 Eval D1006-A.M.100.A.9 R:0.01556 P:0.02326 F:0.01865
9 ROUGE-2 Eval D1007-A.M.100.B.9 R:0.07692 P:0.08673 F:0.08153
9 ROUGE-2 Eval D1008-A.M.100.B.9 R:0.01230 P:0.01500 F:0.01352
9 ROUGE-2 Eval D1009-A.M.100.B.9 R:0.03604 P:0.04167 F:0.03865
9 ROUGE-2 Eval D1010-A.M.100.B.9 R:0.06911 P:0.08673 F:0.07692
9 ROUGE-2 Eval D1011-A.M.100.C.9 R:0.01754 P:0.01887 F:0.01818
9 ROUGE-2 Eval D1012-A.M.100.C.9 R:0.05372 P:0.06373 F:0.05830
9 ROUGE-2 Eval D1013-A.M.100.C.9 R:0.00000 P:0.00000 F:0.00000
9 ROUGE-2 Eval D1014-A.M.100.C.9 R:0.02128 P:0.02451 F:0.02278
9 ROUGE-2 Eval D1015-A.M.100.C.9 R:0.05747 P:0.09375 F:0.07126
9 ROUGE-2 Eval D1016-A.M.100.C.9 R:0.03653 P:0.04000 F:0.03819
9 ROUGE-2 Eval D1017-A.M.100.D.9 R:0.02905 P:0.04268 F:0.03457
9 ROUGE-2 Eval D1018-A.M.100.D.9 R:0.01702 P:0.02500 F:0.02025
9 ROUGE-2 Eval D1019-A.M.100.D.9 R:0.05085 P:0.06977 F:0.05883
9 ROUGE-2 Eval D1020-A.M.100.D.9 R:0.01261 P:0.01744 F:0.01464
9 ROUGE-2 Eval D1021-A.M.100.D.9 R:0.01293 P:0.01923 F:0.01546
9 ROUGE-2 Eval D1022-A.M.100.D.9 R:0.04681 P:0.06395 F:0.05405
9 ROUGE-2 Eval D1023-A.M.100.E.9 R:0.00420 P:0.00595 F:0.00492
9 ROUGE-2 Eval D1024-A.M.100.E.9 R:0.00847 P:0.01064 F:0.00943
9 ROUGE-2 Eval D1025-A.M.100.E.9 R:0.00450 P:0.00521 F:0.00483
9 ROUGE-2 Eval D1026-A.M.100.E.9 R:0.00870 P:0.00877 F:0.00873
9 ROUGE-2 Eval D1027-A.M.100.E.9 R:0.13306 P:0.15278 F:0.14224
9 ROUGE-2 Eval D1028-A.M.100.E.9 R:0.08051 P:0.09135 F:0.08559
9 ROUGE-2 Eval D1029-A.M.100.F.9 R:0.04237 P:0.04808 F:0.04504
9 ROUGE-2 Eval D1030-A.M.100.F.9 R:0.00000 P:0.00000 F:0.00000
9 ROUGE-2 Eval D1031-A.M.100.F.9 R:0.02490 P:0.02778 F:0.02626
9 ROUGE-2 Eval D1032-A.M.100.F.9 R:0.08140 P:0.11170 F:0.09417
9 ROUGE-2 Eval D1033-A.M.100.F.9 R:0.01681 P:0.01818 F:0.01747
9 ROUGE-2 Eval D1034-A.M.100.F.9 R:0.00000 P:0.00000 F:0.00000
9 ROUGE-2 Eval D1035-A.M.100.G.9 R:0.03306 P:0.04000 F:0.03620
9 ROUGE-2 Eval D1036-A.M.100.G.9 R:0.00415 P:0.00625 F:0.00499
9 ROUGE-2 Eval D1037-A.M.100.G.9 R:0.03774 P:0.04082 F:0.03922
9 ROUGE-2 Eval D1038-A.M.100.G.9 R:0.04382 P:0.06111 F:0.05104
9 ROUGE-2 Eval D1039-A.M.100.G.9 R:0.04979 P:0.06250 F:0.05543
9 ROUGE-2 Eval D1040-A.M.100.G.9 R:0.06494 P:0.06696 F:0.06593
9 ROUGE-2 Eval D1041-A.M.100.H.9 R:0.01600 P:0.01961 F:0.01762
9 ROUGE-2 Eval D1042-A.M.100.H.9 R:0.08219 P:0.09375 F:0.08759
9 ROUGE-2 Eval D1043-A.M.100.H.9 R:0.12069 P:0.14894 F:0.13334
9 ROUGE-2 Eval D1044-A.M.100.H.9 R:0.03004 P:0.04487 F:0.03599
9 ROUGE-2 Eval D1045-A.M.100.H.9 R:0.02400 P:0.03125 F:0.02715
9 ROUGE-2 Eval D1046-A.M.100.H.9 R:0.01600 P:0.01961 F:0.01762
---------------------------------------------
9 ROUGE-3 Average_R: 0.01115 (95%-conf.int. 0.00763 - 0.01516)
9 ROUGE-3 Average_P: 0.01391 (95%-conf.int. 0.00949 - 0.01899)
9 ROUGE-3 Average_F: 0.01234 (95%-conf.int. 0.00847 - 0.01679)
.............................................
9 ROUGE-3 Eval D1001-A.M.100.A.9 R:0.01702 P:0.02128 F:0.01891
9 ROUGE-3 Eval D1002-A.M.100.A.9 R:0.02597 P:0.03000 F:0.02784
9 ROUGE-3 Eval D1003-A.M.100.A.9 R:0.00000 P:0.00000 F:0.00000
9 ROUGE-3 Eval D1004-A.M.100.A.9 R:0.00427 P:0.00472 F:0.00448
9 ROUGE-3 Eval D1005-A.M.100.A.9 R:0.01695 P:0.01887 F:0.01786
9 ROUGE-3 Eval D1006-A.M.100.A.9 R:0.00000 P:0.00000 F:0.00000
9 ROUGE-3 Eval D1007-A.M.100.B.9 R:0.00922 P:0.01042 F:0.00978
9 ROUGE-3 Eval D1008-A.M.100.B.9 R:0.00417 P:0.00510 F:0.00459
9 ROUGE-3 Eval D1009-A.M.100.B.9 R:0.00459 P:0.00532 F:0.00493
9 ROUGE-3 Eval D1010-A.M.100.B.9 R:0.03719 P:0.04688 F:0.04148
9 ROUGE-3 Eval D1011-A.M.100.C.9 R:0.00000 P:0.00000 F:0.00000
9 ROUGE-3 Eval D1012-A.M.100.C.9 R:0.01261 P:0.01500 F:0.01370
9 ROUGE-3 Eval D1013-A.M.100.C.9 R:0.00000 P:0.00000 F:0.00000
9 ROUGE-3 Eval D1014-A.M.100.C.9 R:0.00866 P:0.01000 F:0.00928
9 ROUGE-3 Eval D1015-A.M.100.C.9 R:0.02335 P:0.03846 F:0.02906
9 ROUGE-3 Eval D1016-A.M.100.C.9 R:0.00930 P:0.01020 F:0.00973
9 ROUGE-3 Eval D1017-A.M.100.D.9 R:0.00844 P:0.01250 F:0.01008
9 ROUGE-3 Eval D1018-A.M.100.D.9 R:0.00000 P:0.00000 F:0.00000
9 ROUGE-3 Eval D1019-A.M.100.D.9 R:0.00862 P:0.01190 F:0.01000
9 ROUGE-3 Eval D1020-A.M.100.D.9 R:0.00427 P:0.00595 F:0.00497
9 ROUGE-3 Eval D1021-A.M.100.D.9 R:0.00439 P:0.00658 F:0.00527
9 ROUGE-3 Eval D1022-A.M.100.D.9 R:0.02165 P:0.02976 F:0.02507
9 ROUGE-3 Eval D1023-A.M.100.E.9 R:0.00000 P:0.00000 F:0.00000
9 ROUGE-3 Eval D1024-A.M.100.E.9 R:0.00000 P:0.00000 F:0.00000
9 ROUGE-3 Eval D1025-A.M.100.E.9 R:0.00000 P:0.00000 F:0.00000
9 ROUGE-3 Eval D1026-A.M.100.E.9 R:0.00442 P:0.00446 F:0.00444
9 ROUGE-3 Eval D1027-A.M.100.E.9 R:0.02869 P:0.03302 F:0.03070
9 ROUGE-3 Eval D1028-A.M.100.E.9 R:0.04310 P:0.04902 F:0.04587
9 ROUGE-3 Eval D1029-A.M.100.F.9 R:0.00862 P:0.00980 F:0.00917
9 ROUGE-3 Eval D1030-A.M.100.F.9 R:0.00000 P:0.00000 F:0.00000
9 ROUGE-3 Eval D1031-A.M.100.F.9 R:0.00844 P:0.00943 F:0.00891
9 ROUGE-3 Eval D1032-A.M.100.F.9 R:0.03543 P:0.04891 F:0.04109
9 ROUGE-3 Eval D1033-A.M.100.F.9 R:0.00427 P:0.00463 F:0.00444
9 ROUGE-3 Eval D1034-A.M.100.F.9 R:0.00000 P:0.00000 F:0.00000
9 ROUGE-3 Eval D1035-A.M.100.G.9 R:0.00420 P:0.00510 F:0.00461
9 ROUGE-3 Eval D1036-A.M.100.G.9 R:0.00000 P:0.00000 F:0.00000
9 ROUGE-3 Eval D1037-A.M.100.G.9 R:0.00481 P:0.00521 F:0.00500
9 ROUGE-3 Eval D1038-A.M.100.G.9 R:0.01215 P:0.01705 F:0.01419
9 ROUGE-3 Eval D1039-A.M.100.G.9 R:0.02954 P:0.03723 F:0.03294
9 ROUGE-3 Eval D1040-A.M.100.G.9 R:0.02203 P:0.02273 F:0.02237
9 ROUGE-3 Eval D1041-A.M.100.H.9 R:0.00000 P:0.00000 F:0.00000
9 ROUGE-3 Eval D1042-A.M.100.H.9 R:0.01860 P:0.02128 F:0.01985
9 ROUGE-3 Eval D1043-A.M.100.H.9 R:0.05263 P:0.06522 F:0.05825
9 ROUGE-3 Eval D1044-A.M.100.H.9 R:0.01747 P:0.02632 F:0.02100
9 ROUGE-3 Eval D1045-A.M.100.H.9 R:0.00000 P:0.00000 F:0.00000
9 ROUGE-3 Eval D1046-A.M.100.H.9 R:0.00000 P:0.00000 F:0.00000
---------------------------------------------
9 ROUGE-4 Average_R: 0.00279 (95%-conf.int. 0.00129 - 0.00452)
9 ROUGE-4 Average_P: 0.00348 (95%-conf.int. 0.00163 - 0.00552)
9 ROUGE-4 Average_F: 0.00309 (95%-conf.int. 0.00143 - 0.00496)
.............................................
9 ROUGE-4 Eval D1001-A.M.100.A.9 R:0.00000 P:0.00000 F:0.00000
9 ROUGE-4 Eval D1002-A.M.100.A.9 R:0.00881 P:0.01020 F:0.00945
9 ROUGE-4 Eval D1003-A.M.100.A.9 R:0.00000 P:0.00000 F:0.00000
9 ROUGE-4 Eval D1004-A.M.100.A.9 R:0.00000 P:0.00000 F:0.00000
9 ROUGE-4 Eval D1005-A.M.100.A.9 R:0.00000 P:0.00000 F:0.00000
9 ROUGE-4 Eval D1006-A.M.100.A.9 R:0.00000 P:0.00000 F:0.00000
9 ROUGE-4 Eval D1007-A.M.100.B.9 R:0.00469 P:0.00532 F:0.00499
9 ROUGE-4 Eval D1008-A.M.100.B.9 R:0.00000 P:0.00000 F:0.00000
9 ROUGE-4 Eval D1009-A.M.100.B.9 R:0.00000 P:0.00000 F:0.00000
9 ROUGE-4 Eval D1010-A.M.100.B.9 R:0.00840 P:0.01064 F:0.00939
9 ROUGE-4 Eval D1011-A.M.100.C.9 R:0.00000 P:0.00000 F:0.00000
9 ROUGE-4 Eval D1012-A.M.100.C.9 R:0.00000 P:0.00000 F:0.00000
9 ROUGE-4 Eval D1013-A.M.100.C.9 R:0.00000 P:0.00000 F:0.00000
9 ROUGE-4 Eval D1014-A.M.100.C.9 R:0.00000 P:0.00000 F:0.00000
9 ROUGE-4 Eval D1015-A.M.100.C.9 R:0.00791 P:0.01316 F:0.00988
9 ROUGE-4 Eval D1016-A.M.100.C.9 R:0.00000 P:0.00000 F:0.00000
9 ROUGE-4 Eval D1017-A.M.100.D.9 R:0.00000 P:0.00000 F:0.00000
9 ROUGE-4 Eval D1018-A.M.100.D.9 R:0.00000 P:0.00000 F:0.00000
9 ROUGE-4 Eval D1019-A.M.100.D.9 R:0.00439 P:0.00610 F:0.00511
9 ROUGE-4 Eval D1020-A.M.100.D.9 R:0.00000 P:0.00000 F:0.00000
9 ROUGE-4 Eval D1021-A.M.100.D.9 R:0.00000 P:0.00000 F:0.00000
9 ROUGE-4 Eval D1022-A.M.100.D.9 R:0.00441 P:0.00610 F:0.00512
9 ROUGE-4 Eval D1023-A.M.100.E.9 R:0.00000 P:0.00000 F:0.00000
9 ROUGE-4 Eval D1024-A.M.100.E.9 R:0.00000 P:0.00000 F:0.00000
9 ROUGE-4 Eval D1025-A.M.100.E.9 R:0.00000 P:0.00000 F:0.00000
9 ROUGE-4 Eval D1026-A.M.100.E.9 R:0.00000 P:0.00000 F:0.00000
9 ROUGE-4 Eval D1027-A.M.100.E.9 R:0.00833 P:0.00962 F:0.00893
9 ROUGE-4 Eval D1028-A.M.100.E.9 R:0.02632 P:0.03000 F:0.02804
9 ROUGE-4 Eval D1029-A.M.100.F.9 R:0.00000 P:0.00000 F:0.00000
9 ROUGE-4 Eval D1030-A.M.100.F.9 R:0.00000 P:0.00000 F:0.00000
9 ROUGE-4 Eval D1031-A.M.100.F.9 R:0.00000 P:0.00000 F:0.00000
9 ROUGE-4 Eval D1032-A.M.100.F.9 R:0.01200 P:0.01667 F:0.01395
9 ROUGE-4 Eval D1033-A.M.100.F.9 R:0.00000 P:0.00000 F:0.00000
9 ROUGE-4 Eval D1034-A.M.100.F.9 R:0.00000 P:0.00000 F:0.00000
9 ROUGE-4 Eval D1035-A.M.100.G.9 R:0.00000 P:0.00000 F:0.00000
9 ROUGE-4 Eval D1036-A.M.100.G.9 R:0.00000 P:0.00000 F:0.00000
9 ROUGE-4 Eval D1037-A.M.100.G.9 R:0.00000 P:0.00000 F:0.00000
9 ROUGE-4 Eval D1038-A.M.100.G.9 R:0.00000 P:0.00000 F:0.00000
9 ROUGE-4 Eval D1039-A.M.100.G.9 R:0.00858 P:0.01087 F:0.00959
9 ROUGE-4 Eval D1040-A.M.100.G.9 R:0.01345 P:0.01389 F:0.01367
9 ROUGE-4 Eval D1041-A.M.100.H.9 R:0.00000 P:0.00000 F:0.00000
9 ROUGE-4 Eval D1042-A.M.100.H.9 R:0.00000 P:0.00000 F:0.00000
9 ROUGE-4 Eval D1043-A.M.100.H.9 R:0.01786 P:0.02222 F:0.01980
9 ROUGE-4 Eval D1044-A.M.100.H.9 R:0.00444 P:0.00676 F:0.00536
9 ROUGE-4 Eval D1045-A.M.100.H.9 R:0.00000 P:0.00000 F:0.00000
9 ROUGE-4 Eval D1046-A.M.100.H.9 R:0.00000 P:0.00000 F:0.00000
