---------------------------------------------
9 ROUGE-1 Average_R: 0.12248 (95%-conf.int. 0.10024 - 0.14406)
9 ROUGE-1 Average_P: 0.13405 (95%-conf.int. 0.11011 - 0.15727)
9 ROUGE-1 Average_F: 0.12739 (95%-conf.int. 0.10478 - 0.14984)
.............................................
9 ROUGE-1 Eval D1001-A.M.100.A.9 R:0.20576 P:0.23148 F:0.21786
9 ROUGE-1 Eval D1002-A.M.100.A.9 R:0.17992 P:0.19907 F:0.18901
9 ROUGE-1 Eval D1003-A.M.100.A.9 R:0.14286 P:0.17935 F:0.15904
9 ROUGE-1 Eval D1004-A.M.100.A.9 R:0.00000 P:0.00000 F:0.00000
9 ROUGE-1 Eval D1005-A.M.100.A.9 R:0.15164 P:0.17453 F:0.16228
9 ROUGE-1 Eval D1006-A.M.100.A.9 R:0.15326 P:0.21739 F:0.17978
9 ROUGE-1 Eval D1007-A.M.100.B.9 R:0.04889 P:0.05729 F:0.05276
9 ROUGE-1 Eval D1008-A.M.100.B.9 R:0.15323 P:0.15323 F:0.15323
9 ROUGE-1 Eval D1009-A.M.100.B.9 R:0.20796 P:0.22170 F:0.21461
9 ROUGE-1 Eval D1010-A.M.100.B.9 R:0.16800 P:0.14583 F:0.15613
9 ROUGE-1 Eval D1011-A.M.100.C.9 R:0.07328 P:0.07870 F:0.07589
9 ROUGE-1 Eval D1012-A.M.100.C.9 R:0.13415 P:0.13983 F:0.13693
9 ROUGE-1 Eval D1013-A.M.100.C.9 R:0.15663 P:0.18396 F:0.16920
9 ROUGE-1 Eval D1014-A.M.100.C.9 R:0.05858 P:0.06364 F:0.06101
9 ROUGE-1 Eval D1015-A.M.100.C.9 R:0.14717 P:0.23214 F:0.18014
9 ROUGE-1 Eval D1016-A.M.100.C.9 R:0.14798 P:0.11458 F:0.12916
9 ROUGE-1 Eval D1017-A.M.100.D.9 R:0.20408 P:0.24038 F:0.22075
9 ROUGE-1 Eval D1018-A.M.100.D.9 R:0.07531 P:0.09375 F:0.08352
9 ROUGE-1 Eval D1019-A.M.100.D.9 R:0.09167 P:0.11702 F:0.10281
9 ROUGE-1 Eval D1020-A.M.100.D.9 R:0.13223 P:0.15094 F:0.14097
9 ROUGE-1 Eval D1021-A.M.100.D.9 R:0.15678 P:0.12847 F:0.14122
9 ROUGE-1 Eval D1022-A.M.100.D.9 R:0.00000 P:0.00000 F:0.00000
9 ROUGE-1 Eval D1023-A.M.100.E.9 R:0.06198 P:0.07500 F:0.06787
9 ROUGE-1 Eval D1024-A.M.100.E.9 R:0.06250 P:0.07075 F:0.06637
9 ROUGE-1 Eval D1025-A.M.100.E.9 R:0.28761 P:0.29018 F:0.28889
9 ROUGE-1 Eval D1026-A.M.100.E.9 R:0.03846 P:0.04891 F:0.04306
9 ROUGE-1 Eval D1027-A.M.100.E.9 R:0.21825 P:0.25463 F:0.23504
9 ROUGE-1 Eval D1028-A.M.100.E.9 R:0.20000 P:0.19048 F:0.19512
9 ROUGE-1 Eval D1029-A.M.100.F.9 R:0.10000 P:0.10909 F:0.10435
9 ROUGE-1 Eval D1030-A.M.100.F.9 R:0.10714 P:0.13500 F:0.11947
9 ROUGE-1 Eval D1031-A.M.100.F.9 R:0.09388 P:0.10088 F:0.09725
9 ROUGE-1 Eval D1032-A.M.100.F.9 R:0.06870 P:0.06000 F:0.06406
9 ROUGE-1 Eval D1033-A.M.100.F.9 R:0.03306 P:0.02469 F:0.02827
9 ROUGE-1 Eval D1034-A.M.100.F.9 R:0.05350 P:0.05078 F:0.05210
9 ROUGE-1 Eval D1035-A.M.100.G.9 R:0.22358 P:0.24123 F:0.23207
9 ROUGE-1 Eval D1036-A.M.100.G.9 R:0.09796 P:0.11765 F:0.10691
9 ROUGE-1 Eval D1037-A.M.100.G.9 R:0.29630 P:0.27586 F:0.28571
9 ROUGE-1 Eval D1038-A.M.100.G.9 R:0.12941 P:0.16176 F:0.14379
9 ROUGE-1 Eval D1039-A.M.100.G.9 R:0.13061 P:0.13559 F:0.13305
9 ROUGE-1 Eval D1040-A.M.100.G.9 R:0.09787 P:0.10849 F:0.10291
9 ROUGE-1 Eval D1041-A.M.100.H.9 R:0.20866 P:0.23661 F:0.22176
9 ROUGE-1 Eval D1042-A.M.100.H.9 R:0.16592 P:0.17453 F:0.17012
9 ROUGE-1 Eval D1043-A.M.100.H.9 R:0.17373 P:0.18636 F:0.17982
9 ROUGE-1 Eval D1044-A.M.100.H.9 R:0.00000 P:0.00000 F:0.00000
9 ROUGE-1 Eval D1045-A.M.100.H.9 R:0.00000 P:0.00000 F:0.00000
9 ROUGE-1 Eval D1046-A.M.100.H.9 R:0.00000 P:0.00000 F:0.00000
---------------------------------------------
9 ROUGE-2 Average_R: 0.02170 (95%-conf.int. 0.01462 - 0.02939)
9 ROUGE-2 Average_P: 0.02390 (95%-conf.int. 0.01611 - 0.03205)
9 ROUGE-2 Average_F: 0.02263 (95%-conf.int. 0.01528 - 0.03052)
.............................................
9 ROUGE-2 Eval D1001-A.M.100.A.9 R:0.04603 P:0.05189 F:0.04878
9 ROUGE-2 Eval D1002-A.M.100.A.9 R:0.04255 P:0.04717 F:0.04474
9 ROUGE-2 Eval D1003-A.M.100.A.9 R:0.00441 P:0.00556 F:0.00492
9 ROUGE-2 Eval D1004-A.M.100.A.9 R:0.00000 P:0.00000 F:0.00000
9 ROUGE-2 Eval D1005-A.M.100.A.9 R:0.03750 P:0.04327 F:0.04018
9 ROUGE-2 Eval D1006-A.M.100.A.9 R:0.01167 P:0.01667 F:0.01373
9 ROUGE-2 Eval D1007-A.M.100.B.9 R:0.00000 P:0.00000 F:0.00000
9 ROUGE-2 Eval D1008-A.M.100.B.9 R:0.01639 P:0.01639 F:0.01639
9 ROUGE-2 Eval D1009-A.M.100.B.9 R:0.04505 P:0.04808 F:0.04652
9 ROUGE-2 Eval D1010-A.M.100.B.9 R:0.02033 P:0.01761 F:0.01887
9 ROUGE-2 Eval D1011-A.M.100.C.9 R:0.00439 P:0.00472 F:0.00455
9 ROUGE-2 Eval D1012-A.M.100.C.9 R:0.00000 P:0.00000 F:0.00000
9 ROUGE-2 Eval D1013-A.M.100.C.9 R:0.06531 P:0.07692 F:0.07064
9 ROUGE-2 Eval D1014-A.M.100.C.9 R:0.00426 P:0.00463 F:0.00444
9 ROUGE-2 Eval D1015-A.M.100.C.9 R:0.05364 P:0.08537 F:0.06588
9 ROUGE-2 Eval D1016-A.M.100.C.9 R:0.02740 P:0.02113 F:0.02386
9 ROUGE-2 Eval D1017-A.M.100.D.9 R:0.02075 P:0.02451 F:0.02247
9 ROUGE-2 Eval D1018-A.M.100.D.9 R:0.01702 P:0.02128 F:0.01891
9 ROUGE-2 Eval D1019-A.M.100.D.9 R:0.00000 P:0.00000 F:0.00000
9 ROUGE-2 Eval D1020-A.M.100.D.9 R:0.02101 P:0.02404 F:0.02242
9 ROUGE-2 Eval D1021-A.M.100.D.9 R:0.03017 P:0.02465 F:0.02713
9 ROUGE-2 Eval D1022-A.M.100.D.9 R:0.00000 P:0.00000 F:0.00000
9 ROUGE-2 Eval D1023-A.M.100.E.9 R:0.00420 P:0.00510 F:0.00461
9 ROUGE-2 Eval D1024-A.M.100.E.9 R:0.00424 P:0.00481 F:0.00451
9 ROUGE-2 Eval D1025-A.M.100.E.9 R:0.13063 P:0.13182 F:0.13122
9 ROUGE-2 Eval D1026-A.M.100.E.9 R:0.00000 P:0.00000 F:0.00000
9 ROUGE-2 Eval D1027-A.M.100.E.9 R:0.05242 P:0.06132 F:0.05652
9 ROUGE-2 Eval D1028-A.M.100.E.9 R:0.03390 P:0.03226 F:0.03306
9 ROUGE-2 Eval D1029-A.M.100.F.9 R:0.02119 P:0.02315 F:0.02213
9 ROUGE-2 Eval D1030-A.M.100.F.9 R:0.02016 P:0.02551 F:0.02252
9 ROUGE-2 Eval D1031-A.M.100.F.9 R:0.00000 P:0.00000 F:0.00000
9 ROUGE-2 Eval D1032-A.M.100.F.9 R:0.00000 P:0.00000 F:0.00000
9 ROUGE-2 Eval D1033-A.M.100.F.9 R:0.00000 P:0.00000 F:0.00000
9 ROUGE-2 Eval D1034-A.M.100.F.9 R:0.00000 P:0.00000 F:0.00000
9 ROUGE-2 Eval D1035-A.M.100.G.9 R:0.05372 P:0.05804 F:0.05580
9 ROUGE-2 Eval D1036-A.M.100.G.9 R:0.00830 P:0.01000 F:0.00907
9 ROUGE-2 Eval D1037-A.M.100.G.9 R:0.05189 P:0.04825 F:0.05000
9 ROUGE-2 Eval D1038-A.M.100.G.9 R:0.01992 P:0.02500 F:0.02217
9 ROUGE-2 Eval D1039-A.M.100.G.9 R:0.01660 P:0.01724 F:0.01691
9 ROUGE-2 Eval D1040-A.M.100.G.9 R:0.00000 P:0.00000 F:0.00000
9 ROUGE-2 Eval D1041-A.M.100.H.9 R:0.04800 P:0.05455 F:0.05107
9 ROUGE-2 Eval D1042-A.M.100.H.9 R:0.02740 P:0.02885 F:0.02811
9 ROUGE-2 Eval D1043-A.M.100.H.9 R:0.03448 P:0.03704 F:0.03571
9 ROUGE-2 Eval D1044-A.M.100.H.9 R:0.00000 P:0.00000 F:0.00000
9 ROUGE-2 Eval D1045-A.M.100.H.9 R:0.00000 P:0.00000 F:0.00000
9 ROUGE-2 Eval D1046-A.M.100.H.9 R:0.00000 P:0.00000 F:0.00000
---------------------------------------------
9 ROUGE-3 Average_R: 0.00536 (95%-conf.int. 0.00273 - 0.00872)
9 ROUGE-3 Average_P: 0.00587 (95%-conf.int. 0.00304 - 0.00948)
9 ROUGE-3 Average_F: 0.00558 (95%-conf.int. 0.00285 - 0.00908)
.............................................
9 ROUGE-3 Eval D1001-A.M.100.A.9 R:0.01702 P:0.01923 F:0.01806
9 ROUGE-3 Eval D1002-A.M.100.A.9 R:0.01299 P:0.01442 F:0.01367
9 ROUGE-3 Eval D1003-A.M.100.A.9 R:0.00000 P:0.00000 F:0.00000
9 ROUGE-3 Eval D1004-A.M.100.A.9 R:0.00000 P:0.00000 F:0.00000
9 ROUGE-3 Eval D1005-A.M.100.A.9 R:0.00847 P:0.00980 F:0.00909
9 ROUGE-3 Eval D1006-A.M.100.A.9 R:0.00395 P:0.00568 F:0.00466
9 ROUGE-3 Eval D1007-A.M.100.B.9 R:0.00000 P:0.00000 F:0.00000
9 ROUGE-3 Eval D1008-A.M.100.B.9 R:0.00833 P:0.00833 F:0.00833
9 ROUGE-3 Eval D1009-A.M.100.B.9 R:0.00459 P:0.00490 F:0.00474
9 ROUGE-3 Eval D1010-A.M.100.B.9 R:0.00413 P:0.00357 F:0.00383
9 ROUGE-3 Eval D1011-A.M.100.C.9 R:0.00000 P:0.00000 F:0.00000
9 ROUGE-3 Eval D1012-A.M.100.C.9 R:0.00000 P:0.00000 F:0.00000
9 ROUGE-3 Eval D1013-A.M.100.C.9 R:0.03320 P:0.03922 F:0.03596
9 ROUGE-3 Eval D1014-A.M.100.C.9 R:0.00000 P:0.00000 F:0.00000
9 ROUGE-3 Eval D1015-A.M.100.C.9 R:0.01167 P:0.01875 F:0.01439
9 ROUGE-3 Eval D1016-A.M.100.C.9 R:0.00930 P:0.00714 F:0.00808
9 ROUGE-3 Eval D1017-A.M.100.D.9 R:0.00422 P:0.00500 F:0.00458
9 ROUGE-3 Eval D1018-A.M.100.D.9 R:0.00000 P:0.00000 F:0.00000
9 ROUGE-3 Eval D1019-A.M.100.D.9 R:0.00000 P:0.00000 F:0.00000
9 ROUGE-3 Eval D1020-A.M.100.D.9 R:0.00427 P:0.00490 F:0.00456
9 ROUGE-3 Eval D1021-A.M.100.D.9 R:0.00439 P:0.00357 F:0.00394
9 ROUGE-3 Eval D1022-A.M.100.D.9 R:0.00000 P:0.00000 F:0.00000
9 ROUGE-3 Eval D1023-A.M.100.E.9 R:0.00000 P:0.00000 F:0.00000
9 ROUGE-3 Eval D1024-A.M.100.E.9 R:0.00000 P:0.00000 F:0.00000
9 ROUGE-3 Eval D1025-A.M.100.E.9 R:0.06422 P:0.06481 F:0.06451
9 ROUGE-3 Eval D1026-A.M.100.E.9 R:0.00000 P:0.00000 F:0.00000
9 ROUGE-3 Eval D1027-A.M.100.E.9 R:0.00820 P:0.00962 F:0.00885
9 ROUGE-3 Eval D1028-A.M.100.E.9 R:0.00862 P:0.00820 F:0.00840
9 ROUGE-3 Eval D1029-A.M.100.F.9 R:0.00431 P:0.00472 F:0.00451
9 ROUGE-3 Eval D1030-A.M.100.F.9 R:0.00410 P:0.00521 F:0.00459
9 ROUGE-3 Eval D1031-A.M.100.F.9 R:0.00000 P:0.00000 F:0.00000
9 ROUGE-3 Eval D1032-A.M.100.F.9 R:0.00000 P:0.00000 F:0.00000
9 ROUGE-3 Eval D1033-A.M.100.F.9 R:0.00000 P:0.00000 F:0.00000
9 ROUGE-3 Eval D1034-A.M.100.F.9 R:0.00000 P:0.00000 F:0.00000
9 ROUGE-3 Eval D1035-A.M.100.G.9 R:0.00000 P:0.00000 F:0.00000
9 ROUGE-3 Eval D1036-A.M.100.G.9 R:0.00000 P:0.00000 F:0.00000
9 ROUGE-3 Eval D1037-A.M.100.G.9 R:0.00962 P:0.00893 F:0.00926
9 ROUGE-3 Eval D1038-A.M.100.G.9 R:0.00405 P:0.00510 F:0.00451
9 ROUGE-3 Eval D1039-A.M.100.G.9 R:0.00000 P:0.00000 F:0.00000
9 ROUGE-3 Eval D1040-A.M.100.G.9 R:0.00000 P:0.00000 F:0.00000
9 ROUGE-3 Eval D1041-A.M.100.H.9 R:0.01626 P:0.01852 F:0.01732
9 ROUGE-3 Eval D1042-A.M.100.H.9 R:0.00000 P:0.00000 F:0.00000
9 ROUGE-3 Eval D1043-A.M.100.H.9 R:0.00000 P:0.00000 F:0.00000
9 ROUGE-3 Eval D1044-A.M.100.H.9 R:0.00000 P:0.00000 F:0.00000
9 ROUGE-3 Eval D1045-A.M.100.H.9 R:0.00000 P:0.00000 F:0.00000
9 ROUGE-3 Eval D1046-A.M.100.H.9 R:0.00000 P:0.00000 F:0.00000
---------------------------------------------
9 ROUGE-4 Average_R: 0.00115 (95%-conf.int. 0.00027 - 0.00232)
9 ROUGE-4 Average_P: 0.00124 (95%-conf.int. 0.00027 - 0.00251)
9 ROUGE-4 Average_F: 0.00119 (95%-conf.int. 0.00028 - 0.00240)
.............................................
9 ROUGE-4 Eval D1001-A.M.100.A.9 R:0.00000 P:0.00000 F:0.00000
9 ROUGE-4 Eval D1002-A.M.100.A.9 R:0.00000 P:0.00000 F:0.00000
9 ROUGE-4 Eval D1003-A.M.100.A.9 R:0.00000 P:0.00000 F:0.00000
9 ROUGE-4 Eval D1004-A.M.100.A.9 R:0.00000 P:0.00000 F:0.00000
9 ROUGE-4 Eval D1005-A.M.100.A.9 R:0.00000 P:0.00000 F:0.00000
9 ROUGE-4 Eval D1006-A.M.100.A.9 R:0.00000 P:0.00000 F:0.00000
9 ROUGE-4 Eval D1007-A.M.100.B.9 R:0.00000 P:0.00000 F:0.00000
9 ROUGE-4 Eval D1008-A.M.100.B.9 R:0.00424 P:0.00424 F:0.00424
9 ROUGE-4 Eval D1009-A.M.100.B.9 R:0.00000 P:0.00000 F:0.00000
9 ROUGE-4 Eval D1010-A.M.100.B.9 R:0.00000 P:0.00000 F:0.00000
9 ROUGE-4 Eval D1011-A.M.100.C.9 R:0.00000 P:0.00000 F:0.00000
9 ROUGE-4 Eval D1012-A.M.100.C.9 R:0.00000 P:0.00000 F:0.00000
9 ROUGE-4 Eval D1013-A.M.100.C.9 R:0.01688 P:0.02000 F:0.01831
9 ROUGE-4 Eval D1014-A.M.100.C.9 R:0.00000 P:0.00000 F:0.00000
9 ROUGE-4 Eval D1015-A.M.100.C.9 R:0.00000 P:0.00000 F:0.00000
9 ROUGE-4 Eval D1016-A.M.100.C.9 R:0.00000 P:0.00000 F:0.00000
9 ROUGE-4 Eval D1017-A.M.100.D.9 R:0.00000 P:0.00000 F:0.00000
9 ROUGE-4 Eval D1018-A.M.100.D.9 R:0.00000 P:0.00000 F:0.00000
9 ROUGE-4 Eval D1019-A.M.100.D.9 R:0.00000 P:0.00000 F:0.00000
9 ROUGE-4 Eval D1020-A.M.100.D.9 R:0.00000 P:0.00000 F:0.00000
9 ROUGE-4 Eval D1021-A.M.100.D.9 R:0.00000 P:0.00000 F:0.00000
9 ROUGE-4 Eval D1022-A.M.100.D.9 R:0.00000 P:0.00000 F:0.00000
9 ROUGE-4 Eval D1023-A.M.100.E.9 R:0.00000 P:0.00000 F:0.00000
9 ROUGE-4 Eval D1024-A.M.100.E.9 R:0.00000 P:0.00000 F:0.00000
9 ROUGE-4 Eval D1025-A.M.100.E.9 R:0.01869 P:0.01887 F:0.01878
9 ROUGE-4 Eval D1026-A.M.100.E.9 R:0.00000 P:0.00000 F:0.00000
9 ROUGE-4 Eval D1027-A.M.100.E.9 R:0.00000 P:0.00000 F:0.00000
9 ROUGE-4 Eval D1028-A.M.100.E.9 R:0.00439 P:0.00417 F:0.00428
9 ROUGE-4 Eval D1029-A.M.100.F.9 R:0.00000 P:0.00000 F:0.00000
9 ROUGE-4 Eval D1030-A.M.100.F.9 R:0.00000 P:0.00000 F:0.00000
9 ROUGE-4 Eval D1031-A.M.100.F.9 R:0.00000 P:0.00000 F:0.00000
9 ROUGE-4 Eval D1032-A.M.100.F.9 R:0.00000 P:0.00000 F:0.00000
9 ROUGE-4 Eval D1033-A.M.100.F.9 R:0.00000 P:0.00000 F:0.00000
9 ROUGE-4 Eval D1034-A.M.100.F.9 R:0.00000 P:0.00000 F:0.00000
9 ROUGE-4 Eval D1035-A.M.100.G.9 R:0.00000 P:0.00000 F:0.00000
9 ROUGE-4 Eval D1036-A.M.100.G.9 R:0.00000 P:0.00000 F:0.00000
9 ROUGE-4 Eval D1037-A.M.100.G.9 R:0.00000 P:0.00000 F:0.00000
9 ROUGE-4 Eval D1038-A.M.100.G.9 R:0.00000 P:0.00000 F:0.00000
9 ROUGE-4 Eval D1039-A.M.100.G.9 R:0.00000 P:0.00000 F:0.00000
9 ROUGE-4 Eval D1040-A.M.100.G.9 R:0.00000 P:0.00000 F:0.00000
9 ROUGE-4 Eval D1041-A.M.100.H.9 R:0.00826 P:0.00943 F:0.00881
9 ROUGE-4 Eval D1042-A.M.100.H.9 R:0.00000 P:0.00000 F:0.00000
9 ROUGE-4 Eval D1043-A.M.100.H.9 R:0.00000 P:0.00000 F:0.00000
9 ROUGE-4 Eval D1044-A.M.100.H.9 R:0.00000 P:0.00000 F:0.00000
9 ROUGE-4 Eval D1045-A.M.100.H.9 R:0.00000 P:0.00000 F:0.00000
9 ROUGE-4 Eval D1046-A.M.100.H.9 R:0.00000 P:0.00000 F:0.00000
