---------------------------------------------
9 ROUGE-1 Average_R: 0.22264 (95%-conf.int. 0.19958 - 0.24554)
9 ROUGE-1 Average_P: 0.25731 (95%-conf.int. 0.23247 - 0.28204)
9 ROUGE-1 Average_F: 0.23795 (95%-conf.int. 0.21448 - 0.26143)
.............................................
9 ROUGE-1 Eval D1001-A.M.100.A.9 R:0.23868 P:0.30851 F:0.26914
9 ROUGE-1 Eval D1002-A.M.100.A.9 R:0.20084 P:0.26667 F:0.22912
9 ROUGE-1 Eval D1003-A.M.100.A.9 R:0.12987 P:0.19231 F:0.15504
9 ROUGE-1 Eval D1004-A.M.100.A.9 R:0.28512 P:0.31944 F:0.30131
9 ROUGE-1 Eval D1005-A.M.100.A.9 R:0.21721 P:0.25980 F:0.23660
9 ROUGE-1 Eval D1006-A.M.100.A.9 R:0.20690 P:0.26471 F:0.23226
9 ROUGE-1 Eval D1007-A.M.100.B.9 R:0.25778 P:0.25000 F:0.25383
9 ROUGE-1 Eval D1008-A.M.100.B.9 R:0.21774 P:0.24107 F:0.22881
9 ROUGE-1 Eval D1009-A.M.100.B.9 R:0.30088 P:0.34000 F:0.31925
9 ROUGE-1 Eval D1010-A.M.100.B.9 R:0.27600 P:0.29237 F:0.28395
9 ROUGE-1 Eval D1011-A.M.100.C.9 R:0.08621 P:0.12500 F:0.10204
9 ROUGE-1 Eval D1012-A.M.100.C.9 R:0.34959 P:0.37069 F:0.35983
9 ROUGE-1 Eval D1013-A.M.100.C.9 R:0.10843 P:0.14362 F:0.12357
9 ROUGE-1 Eval D1014-A.M.100.C.9 R:0.09623 P:0.11500 F:0.10478
9 ROUGE-1 Eval D1015-A.M.100.C.9 R:0.12453 P:0.17553 F:0.14570
9 ROUGE-1 Eval D1016-A.M.100.C.9 R:0.30942 P:0.31944 F:0.31435
9 ROUGE-1 Eval D1017-A.M.100.D.9 R:0.22857 P:0.25000 F:0.23881
9 ROUGE-1 Eval D1018-A.M.100.D.9 R:0.24268 P:0.27358 F:0.25721
9 ROUGE-1 Eval D1019-A.M.100.D.9 R:0.35833 P:0.39815 F:0.37719
9 ROUGE-1 Eval D1020-A.M.100.D.9 R:0.14876 P:0.17647 F:0.16143
9 ROUGE-1 Eval D1021-A.M.100.D.9 R:0.32203 P:0.38776 F:0.35185
9 ROUGE-1 Eval D1022-A.M.100.D.9 R:0.28870 P:0.31364 F:0.30065
9 ROUGE-1 Eval D1023-A.M.100.E.9 R:0.20248 P:0.24020 F:0.21973
9 ROUGE-1 Eval D1024-A.M.100.E.9 R:0.22917 P:0.28061 F:0.25229
9 ROUGE-1 Eval D1025-A.M.100.E.9 R:0.29204 P:0.34375 F:0.31579
9 ROUGE-1 Eval D1026-A.M.100.E.9 R:0.04274 P:0.04808 F:0.04525
9 ROUGE-1 Eval D1027-A.M.100.E.9 R:0.32540 P:0.36607 F:0.34454
9 ROUGE-1 Eval D1028-A.M.100.E.9 R:0.25000 P:0.29412 F:0.27027
9 ROUGE-1 Eval D1029-A.M.100.F.9 R:0.22500 P:0.22131 F:0.22314
9 ROUGE-1 Eval D1030-A.M.100.F.9 R:0.07143 P:0.08333 F:0.07692
9 ROUGE-1 Eval D1031-A.M.100.F.9 R:0.11020 P:0.10887 F:0.10953
9 ROUGE-1 Eval D1032-A.M.100.F.9 R:0.28244 P:0.37755 F:0.32314
9 ROUGE-1 Eval D1033-A.M.100.F.9 R:0.35537 P:0.33077 F:0.34263
9 ROUGE-1 Eval D1034-A.M.100.F.9 R:0.11523 P:0.11667 F:0.11595
9 ROUGE-1 Eval D1035-A.M.100.G.9 R:0.19919 P:0.25521 F:0.22375
9 ROUGE-1 Eval D1036-A.M.100.G.9 R:0.18367 P:0.25568 F:0.21377
9 ROUGE-1 Eval D1037-A.M.100.G.9 R:0.21759 P:0.22596 F:0.22170
9 ROUGE-1 Eval D1038-A.M.100.G.9 R:0.15686 P:0.26316 F:0.19656
9 ROUGE-1 Eval D1039-A.M.100.G.9 R:0.31429 P:0.36321 F:0.33698
9 ROUGE-1 Eval D1040-A.M.100.G.9 R:0.27234 P:0.34043 F:0.30260
9 ROUGE-1 Eval D1041-A.M.100.H.9 R:0.08268 P:0.09545 F:0.08861
9 ROUGE-1 Eval D1042-A.M.100.H.9 R:0.29148 P:0.28017 F:0.28571
9 ROUGE-1 Eval D1043-A.M.100.H.9 R:0.28390 P:0.31019 F:0.29646
9 ROUGE-1 Eval D1044-A.M.100.H.9 R:0.24051 P:0.28500 F:0.26087
9 ROUGE-1 Eval D1045-A.M.100.H.9 R:0.31102 P:0.37264 F:0.33905
9 ROUGE-1 Eval D1046-A.M.100.H.9 R:0.20866 P:0.21721 F:0.21285
---------------------------------------------
9 ROUGE-2 Average_R: 0.05216 (95%-conf.int. 0.04343 - 0.06074)
9 ROUGE-2 Average_P: 0.06041 (95%-conf.int. 0.05039 - 0.07064)
9 ROUGE-2 Average_F: 0.05579 (95%-conf.int. 0.04659 - 0.06496)
.............................................
9 ROUGE-2 Eval D1001-A.M.100.A.9 R:0.05439 P:0.07065 F:0.06146
9 ROUGE-2 Eval D1002-A.M.100.A.9 R:0.02979 P:0.03977 F:0.03406
9 ROUGE-2 Eval D1003-A.M.100.A.9 R:0.03084 P:0.04605 F:0.03694
9 ROUGE-2 Eval D1004-A.M.100.A.9 R:0.07983 P:0.08962 F:0.08444
9 ROUGE-2 Eval D1005-A.M.100.A.9 R:0.06250 P:0.07500 F:0.06818
9 ROUGE-2 Eval D1006-A.M.100.A.9 R:0.02724 P:0.03500 F:0.03064
9 ROUGE-2 Eval D1007-A.M.100.B.9 R:0.04525 P:0.04386 F:0.04454
9 ROUGE-2 Eval D1008-A.M.100.B.9 R:0.03689 P:0.04091 F:0.03880
9 ROUGE-2 Eval D1009-A.M.100.B.9 R:0.09009 P:0.10204 F:0.09569
9 ROUGE-2 Eval D1010-A.M.100.B.9 R:0.08943 P:0.09483 F:0.09205
9 ROUGE-2 Eval D1011-A.M.100.C.9 R:0.00439 P:0.00641 F:0.00521
9 ROUGE-2 Eval D1012-A.M.100.C.9 R:0.06612 P:0.07018 F:0.06809
9 ROUGE-2 Eval D1013-A.M.100.C.9 R:0.01633 P:0.02174 F:0.01865
9 ROUGE-2 Eval D1014-A.M.100.C.9 R:0.00426 P:0.00510 F:0.00464
9 ROUGE-2 Eval D1015-A.M.100.C.9 R:0.04981 P:0.07065 F:0.05843
9 ROUGE-2 Eval D1016-A.M.100.C.9 R:0.06849 P:0.07075 F:0.06960
9 ROUGE-2 Eval D1017-A.M.100.D.9 R:0.02490 P:0.02727 F:0.02603
9 ROUGE-2 Eval D1018-A.M.100.D.9 R:0.05957 P:0.06731 F:0.06320
9 ROUGE-2 Eval D1019-A.M.100.D.9 R:0.10593 P:0.11792 F:0.11160
9 ROUGE-2 Eval D1020-A.M.100.D.9 R:0.02521 P:0.03000 F:0.02740
9 ROUGE-2 Eval D1021-A.M.100.D.9 R:0.09483 P:0.11458 F:0.10377
9 ROUGE-2 Eval D1022-A.M.100.D.9 R:0.04255 P:0.04630 F:0.04435
9 ROUGE-2 Eval D1023-A.M.100.E.9 R:0.03782 P:0.04500 F:0.04110
9 ROUGE-2 Eval D1024-A.M.100.E.9 R:0.02966 P:0.03646 F:0.03271
9 ROUGE-2 Eval D1025-A.M.100.E.9 R:0.07207 P:0.08511 F:0.07805
9 ROUGE-2 Eval D1026-A.M.100.E.9 R:0.00435 P:0.00490 F:0.00461
9 ROUGE-2 Eval D1027-A.M.100.E.9 R:0.10484 P:0.11818 F:0.11111
9 ROUGE-2 Eval D1028-A.M.100.E.9 R:0.05508 P:0.06500 F:0.05963
9 ROUGE-2 Eval D1029-A.M.100.F.9 R:0.05932 P:0.05833 F:0.05882
9 ROUGE-2 Eval D1030-A.M.100.F.9 R:0.00403 P:0.00472 F:0.00435
9 ROUGE-2 Eval D1031-A.M.100.F.9 R:0.02075 P:0.02049 F:0.02062
9 ROUGE-2 Eval D1032-A.M.100.F.9 R:0.06589 P:0.08854 F:0.07555
9 ROUGE-2 Eval D1033-A.M.100.F.9 R:0.09244 P:0.08594 F:0.08907
9 ROUGE-2 Eval D1034-A.M.100.F.9 R:0.00000 P:0.00000 F:0.00000
9 ROUGE-2 Eval D1035-A.M.100.G.9 R:0.06198 P:0.07979 F:0.06977
9 ROUGE-2 Eval D1036-A.M.100.G.9 R:0.00830 P:0.01163 F:0.00969
9 ROUGE-2 Eval D1037-A.M.100.G.9 R:0.03302 P:0.03431 F:0.03365
9 ROUGE-2 Eval D1038-A.M.100.G.9 R:0.05179 P:0.08784 F:0.06516
9 ROUGE-2 Eval D1039-A.M.100.G.9 R:0.10373 P:0.12019 F:0.11136
9 ROUGE-2 Eval D1040-A.M.100.G.9 R:0.09524 P:0.11957 F:0.10603
9 ROUGE-2 Eval D1041-A.M.100.H.9 R:0.01600 P:0.01852 F:0.01717
9 ROUGE-2 Eval D1042-A.M.100.H.9 R:0.09589 P:0.09211 F:0.09396
9 ROUGE-2 Eval D1043-A.M.100.H.9 R:0.10776 P:0.11792 F:0.11261
9 ROUGE-2 Eval D1044-A.M.100.H.9 R:0.06438 P:0.07653 F:0.06993
9 ROUGE-2 Eval D1045-A.M.100.H.9 R:0.07600 P:0.09135 F:0.08297
9 ROUGE-2 Eval D1046-A.M.100.H.9 R:0.03600 P:0.03750 F:0.03673
---------------------------------------------
9 ROUGE-3 Average_R: 0.01429 (95%-conf.int. 0.01035 - 0.01874)
9 ROUGE-3 Average_P: 0.01670 (95%-conf.int. 0.01202 - 0.02171)
9 ROUGE-3 Average_F: 0.01535 (95%-conf.int. 0.01113 - 0.02001)
.............................................
9 ROUGE-3 Eval D1001-A.M.100.A.9 R:0.02128 P:0.02778 F:0.02410
9 ROUGE-3 Eval D1002-A.M.100.A.9 R:0.00433 P:0.00581 F:0.00496
9 ROUGE-3 Eval D1003-A.M.100.A.9 R:0.00000 P:0.00000 F:0.00000
9 ROUGE-3 Eval D1004-A.M.100.A.9 R:0.02137 P:0.02404 F:0.02263
9 ROUGE-3 Eval D1005-A.M.100.A.9 R:0.02542 P:0.03061 F:0.02777
9 ROUGE-3 Eval D1006-A.M.100.A.9 R:0.00000 P:0.00000 F:0.00000
9 ROUGE-3 Eval D1007-A.M.100.B.9 R:0.00000 P:0.00000 F:0.00000
9 ROUGE-3 Eval D1008-A.M.100.B.9 R:0.00417 P:0.00463 F:0.00439
9 ROUGE-3 Eval D1009-A.M.100.B.9 R:0.03211 P:0.03646 F:0.03415
9 ROUGE-3 Eval D1010-A.M.100.B.9 R:0.06198 P:0.06579 F:0.06383
9 ROUGE-3 Eval D1011-A.M.100.C.9 R:0.00000 P:0.00000 F:0.00000
9 ROUGE-3 Eval D1012-A.M.100.C.9 R:0.00840 P:0.00893 F:0.00866
9 ROUGE-3 Eval D1013-A.M.100.C.9 R:0.00000 P:0.00000 F:0.00000
9 ROUGE-3 Eval D1014-A.M.100.C.9 R:0.00000 P:0.00000 F:0.00000
9 ROUGE-3 Eval D1015-A.M.100.C.9 R:0.01167 P:0.01667 F:0.01373
9 ROUGE-3 Eval D1016-A.M.100.C.9 R:0.01860 P:0.01923 F:0.01891
9 ROUGE-3 Eval D1017-A.M.100.D.9 R:0.00000 P:0.00000 F:0.00000
9 ROUGE-3 Eval D1018-A.M.100.D.9 R:0.01732 P:0.01961 F:0.01839
9 ROUGE-3 Eval D1019-A.M.100.D.9 R:0.03879 P:0.04327 F:0.04091
9 ROUGE-3 Eval D1020-A.M.100.D.9 R:0.00855 P:0.01020 F:0.00930
9 ROUGE-3 Eval D1021-A.M.100.D.9 R:0.03947 P:0.04787 F:0.04327
9 ROUGE-3 Eval D1022-A.M.100.D.9 R:0.00433 P:0.00472 F:0.00452
9 ROUGE-3 Eval D1023-A.M.100.E.9 R:0.00855 P:0.01020 F:0.00930
9 ROUGE-3 Eval D1024-A.M.100.E.9 R:0.00000 P:0.00000 F:0.00000
9 ROUGE-3 Eval D1025-A.M.100.E.9 R:0.01835 P:0.02174 F:0.01990
9 ROUGE-3 Eval D1026-A.M.100.E.9 R:0.00000 P:0.00000 F:0.00000
9 ROUGE-3 Eval D1027-A.M.100.E.9 R:0.00820 P:0.00926 F:0.00870
9 ROUGE-3 Eval D1028-A.M.100.E.9 R:0.01724 P:0.02041 F:0.01869
9 ROUGE-3 Eval D1029-A.M.100.F.9 R:0.01293 P:0.01271 F:0.01282
9 ROUGE-3 Eval D1030-A.M.100.F.9 R:0.00000 P:0.00000 F:0.00000
9 ROUGE-3 Eval D1031-A.M.100.F.9 R:0.00422 P:0.00417 F:0.00419
9 ROUGE-3 Eval D1032-A.M.100.F.9 R:0.02362 P:0.03191 F:0.02715
9 ROUGE-3 Eval D1033-A.M.100.F.9 R:0.02137 P:0.01984 F:0.02058
9 ROUGE-3 Eval D1034-A.M.100.F.9 R:0.00000 P:0.00000 F:0.00000
9 ROUGE-3 Eval D1035-A.M.100.G.9 R:0.01261 P:0.01630 F:0.01422
9 ROUGE-3 Eval D1036-A.M.100.G.9 R:0.00000 P:0.00000 F:0.00000
9 ROUGE-3 Eval D1037-A.M.100.G.9 R:0.00000 P:0.00000 F:0.00000
9 ROUGE-3 Eval D1038-A.M.100.G.9 R:0.02429 P:0.04167 F:0.03069
9 ROUGE-3 Eval D1039-A.M.100.G.9 R:0.03376 P:0.03922 F:0.03629
9 ROUGE-3 Eval D1040-A.M.100.G.9 R:0.03084 P:0.03889 F:0.03440
9 ROUGE-3 Eval D1041-A.M.100.H.9 R:0.00000 P:0.00000 F:0.00000
9 ROUGE-3 Eval D1042-A.M.100.H.9 R:0.01860 P:0.01786 F:0.01822
9 ROUGE-3 Eval D1043-A.M.100.H.9 R:0.05702 P:0.06250 F:0.05963
9 ROUGE-3 Eval D1044-A.M.100.H.9 R:0.02183 P:0.02604 F:0.02375
9 ROUGE-3 Eval D1045-A.M.100.H.9 R:0.02033 P:0.02451 F:0.02223
9 ROUGE-3 Eval D1046-A.M.100.H.9 R:0.00813 P:0.00847 F:0.00830
---------------------------------------------
9 ROUGE-4 Average_R: 0.00501 (95%-conf.int. 0.00267 - 0.00798)
9 ROUGE-4 Average_P: 0.00574 (95%-conf.int. 0.00311 - 0.00904)
9 ROUGE-4 Average_F: 0.00533 (95%-conf.int. 0.00289 - 0.00845)
.............................................
9 ROUGE-4 Eval D1001-A.M.100.A.9 R:0.00433 P:0.00568 F:0.00491
9 ROUGE-4 Eval D1002-A.M.100.A.9 R:0.00000 P:0.00000 F:0.00000
9 ROUGE-4 Eval D1003-A.M.100.A.9 R:0.00000 P:0.00000 F:0.00000
9 ROUGE-4 Eval D1004-A.M.100.A.9 R:0.01304 P:0.01471 F:0.01382
9 ROUGE-4 Eval D1005-A.M.100.A.9 R:0.00000 P:0.00000 F:0.00000
9 ROUGE-4 Eval D1006-A.M.100.A.9 R:0.00000 P:0.00000 F:0.00000
9 ROUGE-4 Eval D1007-A.M.100.B.9 R:0.00000 P:0.00000 F:0.00000
9 ROUGE-4 Eval D1008-A.M.100.B.9 R:0.00000 P:0.00000 F:0.00000
9 ROUGE-4 Eval D1009-A.M.100.B.9 R:0.02336 P:0.02660 F:0.02487
9 ROUGE-4 Eval D1010-A.M.100.B.9 R:0.04622 P:0.04911 F:0.04762
9 ROUGE-4 Eval D1011-A.M.100.C.9 R:0.00000 P:0.00000 F:0.00000
9 ROUGE-4 Eval D1012-A.M.100.C.9 R:0.00000 P:0.00000 F:0.00000
9 ROUGE-4 Eval D1013-A.M.100.C.9 R:0.00000 P:0.00000 F:0.00000
9 ROUGE-4 Eval D1014-A.M.100.C.9 R:0.00000 P:0.00000 F:0.00000
9 ROUGE-4 Eval D1015-A.M.100.C.9 R:0.00000 P:0.00000 F:0.00000
9 ROUGE-4 Eval D1016-A.M.100.C.9 R:0.00474 P:0.00490 F:0.00482
9 ROUGE-4 Eval D1017-A.M.100.D.9 R:0.00000 P:0.00000 F:0.00000
9 ROUGE-4 Eval D1018-A.M.100.D.9 R:0.00000 P:0.00000 F:0.00000
9 ROUGE-4 Eval D1019-A.M.100.D.9 R:0.01316 P:0.01471 F:0.01389
9 ROUGE-4 Eval D1020-A.M.100.D.9 R:0.00435 P:0.00521 F:0.00474
9 ROUGE-4 Eval D1021-A.M.100.D.9 R:0.02232 P:0.02717 F:0.02451
9 ROUGE-4 Eval D1022-A.M.100.D.9 R:0.00000 P:0.00000 F:0.00000
9 ROUGE-4 Eval D1023-A.M.100.E.9 R:0.00435 P:0.00521 F:0.00474
9 ROUGE-4 Eval D1024-A.M.100.E.9 R:0.00000 P:0.00000 F:0.00000
9 ROUGE-4 Eval D1025-A.M.100.E.9 R:0.00000 P:0.00000 F:0.00000
9 ROUGE-4 Eval D1026-A.M.100.E.9 R:0.00000 P:0.00000 F:0.00000
9 ROUGE-4 Eval D1027-A.M.100.E.9 R:0.00000 P:0.00000 F:0.00000
9 ROUGE-4 Eval D1028-A.M.100.E.9 R:0.00877 P:0.01042 F:0.00952
9 ROUGE-4 Eval D1029-A.M.100.F.9 R:0.00000 P:0.00000 F:0.00000
9 ROUGE-4 Eval D1030-A.M.100.F.9 R:0.00000 P:0.00000 F:0.00000
9 ROUGE-4 Eval D1031-A.M.100.F.9 R:0.00000 P:0.00000 F:0.00000
9 ROUGE-4 Eval D1032-A.M.100.F.9 R:0.00000 P:0.00000 F:0.00000
9 ROUGE-4 Eval D1033-A.M.100.F.9 R:0.00870 P:0.00806 F:0.00837
9 ROUGE-4 Eval D1034-A.M.100.F.9 R:0.00000 P:0.00000 F:0.00000
9 ROUGE-4 Eval D1035-A.M.100.G.9 R:0.00000 P:0.00000 F:0.00000
9 ROUGE-4 Eval D1036-A.M.100.G.9 R:0.00000 P:0.00000 F:0.00000
9 ROUGE-4 Eval D1037-A.M.100.G.9 R:0.00000 P:0.00000 F:0.00000
9 ROUGE-4 Eval D1038-A.M.100.G.9 R:0.00823 P:0.01429 F:0.01044
9 ROUGE-4 Eval D1039-A.M.100.G.9 R:0.01288 P:0.01500 F:0.01386
9 ROUGE-4 Eval D1040-A.M.100.G.9 R:0.01345 P:0.01705 F:0.01504
9 ROUGE-4 Eval D1041-A.M.100.H.9 R:0.00000 P:0.00000 F:0.00000
9 ROUGE-4 Eval D1042-A.M.100.H.9 R:0.00474 P:0.00455 F:0.00464
9 ROUGE-4 Eval D1043-A.M.100.H.9 R:0.03571 P:0.03922 F:0.03738
9 ROUGE-4 Eval D1044-A.M.100.H.9 R:0.00000 P:0.00000 F:0.00000
9 ROUGE-4 Eval D1045-A.M.100.H.9 R:0.00413 P:0.00500 F:0.00452
9 ROUGE-4 Eval D1046-A.M.100.H.9 R:0.00000 P:0.00000 F:0.00000
