---------------------------------------------
9 ROUGE-1 Average_R: 0.26919 (95%-conf.int. 0.25041 - 0.28797)
9 ROUGE-1 Average_P: 0.28255 (95%-conf.int. 0.26446 - 0.30178)
9 ROUGE-1 Average_F: 0.27525 (95%-conf.int. 0.25714 - 0.29397)
.............................................
9 ROUGE-1 Eval D1001-A.M.100.A.9 R:0.30864 P:0.34722 F:0.32680
9 ROUGE-1 Eval D1002-A.M.100.A.9 R:0.20921 P:0.23585 F:0.22173
9 ROUGE-1 Eval D1003-A.M.100.A.9 R:0.26407 P:0.23106 F:0.24646
9 ROUGE-1 Eval D1004-A.M.100.A.9 R:0.30579 P:0.29365 F:0.29960
9 ROUGE-1 Eval D1005-A.M.100.A.9 R:0.22131 P:0.24107 F:0.23077
9 ROUGE-1 Eval D1006-A.M.100.A.9 R:0.21839 P:0.24569 F:0.23124
9 ROUGE-1 Eval D1007-A.M.100.B.9 R:0.31556 P:0.31140 F:0.31347
9 ROUGE-1 Eval D1008-A.M.100.B.9 R:0.22177 P:0.25000 F:0.23504
9 ROUGE-1 Eval D1009-A.M.100.B.9 R:0.35398 P:0.38462 F:0.36866
9 ROUGE-1 Eval D1010-A.M.100.B.9 R:0.29600 P:0.31356 F:0.30453
9 ROUGE-1 Eval D1011-A.M.100.C.9 R:0.17672 P:0.17982 F:0.17826
9 ROUGE-1 Eval D1012-A.M.100.C.9 R:0.30488 P:0.35377 F:0.32751
9 ROUGE-1 Eval D1013-A.M.100.C.9 R:0.18474 P:0.20536 F:0.19451
9 ROUGE-1 Eval D1014-A.M.100.C.9 R:0.21339 P:0.22768 F:0.22030
9 ROUGE-1 Eval D1015-A.M.100.C.9 R:0.17736 P:0.18952 F:0.18324
9 ROUGE-1 Eval D1016-A.M.100.C.9 R:0.31390 P:0.30702 F:0.31042
9 ROUGE-1 Eval D1017-A.M.100.D.9 R:0.24898 P:0.27232 F:0.26013
9 ROUGE-1 Eval D1018-A.M.100.D.9 R:0.33473 P:0.30769 F:0.32064
9 ROUGE-1 Eval D1019-A.M.100.D.9 R:0.35000 P:0.38182 F:0.36522
9 ROUGE-1 Eval D1020-A.M.100.D.9 R:0.21901 P:0.22845 F:0.22363
9 ROUGE-1 Eval D1021-A.M.100.D.9 R:0.34746 P:0.34746 F:0.34746
9 ROUGE-1 Eval D1022-A.M.100.D.9 R:0.40167 P:0.38095 F:0.39104
9 ROUGE-1 Eval D1023-A.M.100.E.9 R:0.28512 P:0.29741 F:0.29114
9 ROUGE-1 Eval D1024-A.M.100.E.9 R:0.26667 P:0.25397 F:0.26017
9 ROUGE-1 Eval D1025-A.M.100.E.9 R:0.24336 P:0.25943 F:0.25114
9 ROUGE-1 Eval D1026-A.M.100.E.9 R:0.17521 P:0.16532 F:0.17012
9 ROUGE-1 Eval D1027-A.M.100.E.9 R:0.46825 P:0.46094 F:0.46457
9 ROUGE-1 Eval D1028-A.M.100.E.9 R:0.26250 P:0.27632 F:0.26923
9 ROUGE-1 Eval D1029-A.M.100.F.9 R:0.29167 P:0.26923 F:0.28000
9 ROUGE-1 Eval D1030-A.M.100.F.9 R:0.17857 P:0.20455 F:0.19068
9 ROUGE-1 Eval D1031-A.M.100.F.9 R:0.15510 P:0.15833 F:0.15670
9 ROUGE-1 Eval D1032-A.M.100.F.9 R:0.32824 P:0.39091 F:0.35684
9 ROUGE-1 Eval D1033-A.M.100.F.9 R:0.33471 P:0.29779 F:0.31517
9 ROUGE-1 Eval D1034-A.M.100.F.9 R:0.18107 P:0.18966 F:0.18527
9 ROUGE-1 Eval D1035-A.M.100.G.9 R:0.27236 P:0.28390 F:0.27801
9 ROUGE-1 Eval D1036-A.M.100.G.9 R:0.22041 P:0.25962 F:0.23841
9 ROUGE-1 Eval D1037-A.M.100.G.9 R:0.28241 P:0.30500 F:0.29327
9 ROUGE-1 Eval D1038-A.M.100.G.9 R:0.21176 P:0.27551 F:0.23946
9 ROUGE-1 Eval D1039-A.M.100.G.9 R:0.30612 P:0.34091 F:0.32258
9 ROUGE-1 Eval D1040-A.M.100.G.9 R:0.31915 P:0.33482 F:0.32680
9 ROUGE-1 Eval D1041-A.M.100.H.9 R:0.24409 P:0.25833 F:0.25101
9 ROUGE-1 Eval D1042-A.M.100.H.9 R:0.29148 P:0.30660 F:0.29885
9 ROUGE-1 Eval D1043-A.M.100.H.9 R:0.28814 P:0.28814 F:0.28814
9 ROUGE-1 Eval D1044-A.M.100.H.9 R:0.27426 P:0.30093 F:0.28698
9 ROUGE-1 Eval D1045-A.M.100.H.9 R:0.31102 P:0.37264 F:0.33905
9 ROUGE-1 Eval D1046-A.M.100.H.9 R:0.21260 P:0.22131 F:0.21687
---------------------------------------------
9 ROUGE-2 Average_R: 0.06918 (95%-conf.int. 0.05959 - 0.07892)
9 ROUGE-2 Average_P: 0.07227 (95%-conf.int. 0.06310 - 0.08202)
9 ROUGE-2 Average_F: 0.07057 (95%-conf.int. 0.06126 - 0.08042)
.............................................
9 ROUGE-2 Eval D1001-A.M.100.A.9 R:0.08787 P:0.09906 F:0.09313
9 ROUGE-2 Eval D1002-A.M.100.A.9 R:0.05957 P:0.06731 F:0.06320
9 ROUGE-2 Eval D1003-A.M.100.A.9 R:0.06167 P:0.05385 F:0.05750
9 ROUGE-2 Eval D1004-A.M.100.A.9 R:0.09244 P:0.08871 F:0.09054
9 ROUGE-2 Eval D1005-A.M.100.A.9 R:0.07083 P:0.07727 F:0.07391
9 ROUGE-2 Eval D1006-A.M.100.A.9 R:0.03502 P:0.03947 F:0.03711
9 ROUGE-2 Eval D1007-A.M.100.B.9 R:0.05430 P:0.05357 F:0.05393
9 ROUGE-2 Eval D1008-A.M.100.B.9 R:0.03689 P:0.04167 F:0.03913
9 ROUGE-2 Eval D1009-A.M.100.B.9 R:0.09910 P:0.10784 F:0.10329
9 ROUGE-2 Eval D1010-A.M.100.B.9 R:0.08943 P:0.09483 F:0.09205
9 ROUGE-2 Eval D1011-A.M.100.C.9 R:0.05263 P:0.05357 F:0.05310
9 ROUGE-2 Eval D1012-A.M.100.C.9 R:0.04132 P:0.04808 F:0.04444
9 ROUGE-2 Eval D1013-A.M.100.C.9 R:0.05306 P:0.05909 F:0.05591
9 ROUGE-2 Eval D1014-A.M.100.C.9 R:0.01702 P:0.01818 F:0.01758
9 ROUGE-2 Eval D1015-A.M.100.C.9 R:0.04598 P:0.04918 F:0.04753
9 ROUGE-2 Eval D1016-A.M.100.C.9 R:0.06393 P:0.06250 F:0.06321
9 ROUGE-2 Eval D1017-A.M.100.D.9 R:0.04149 P:0.04545 F:0.04338
9 ROUGE-2 Eval D1018-A.M.100.D.9 R:0.13617 P:0.12500 F:0.13035
9 ROUGE-2 Eval D1019-A.M.100.D.9 R:0.08898 P:0.09722 F:0.09292
9 ROUGE-2 Eval D1020-A.M.100.D.9 R:0.04622 P:0.04825 F:0.04721
9 ROUGE-2 Eval D1021-A.M.100.D.9 R:0.09914 P:0.09914 F:0.09914
9 ROUGE-2 Eval D1022-A.M.100.D.9 R:0.12766 P:0.12097 F:0.12422
9 ROUGE-2 Eval D1023-A.M.100.E.9 R:0.04622 P:0.04825 F:0.04721
9 ROUGE-2 Eval D1024-A.M.100.E.9 R:0.08898 P:0.08468 F:0.08678
9 ROUGE-2 Eval D1025-A.M.100.E.9 R:0.07207 P:0.07692 F:0.07442
9 ROUGE-2 Eval D1026-A.M.100.E.9 R:0.00870 P:0.00820 F:0.00844
9 ROUGE-2 Eval D1027-A.M.100.E.9 R:0.17339 P:0.17063 F:0.17200
9 ROUGE-2 Eval D1028-A.M.100.E.9 R:0.08051 P:0.08482 F:0.08261
9 ROUGE-2 Eval D1029-A.M.100.F.9 R:0.07203 P:0.06641 F:0.06911
9 ROUGE-2 Eval D1030-A.M.100.F.9 R:0.02823 P:0.03241 F:0.03018
9 ROUGE-2 Eval D1031-A.M.100.F.9 R:0.02905 P:0.02966 F:0.02935
9 ROUGE-2 Eval D1032-A.M.100.F.9 R:0.11240 P:0.13426 F:0.12236
9 ROUGE-2 Eval D1033-A.M.100.F.9 R:0.08403 P:0.07463 F:0.07905
9 ROUGE-2 Eval D1034-A.M.100.F.9 R:0.04603 P:0.04825 F:0.04711
9 ROUGE-2 Eval D1035-A.M.100.G.9 R:0.07025 P:0.07328 F:0.07173
9 ROUGE-2 Eval D1036-A.M.100.G.9 R:0.02075 P:0.02451 F:0.02247
9 ROUGE-2 Eval D1037-A.M.100.G.9 R:0.04245 P:0.04592 F:0.04412
9 ROUGE-2 Eval D1038-A.M.100.G.9 R:0.05578 P:0.07292 F:0.06321
9 ROUGE-2 Eval D1039-A.M.100.G.9 R:0.08714 P:0.09722 F:0.09190
9 ROUGE-2 Eval D1040-A.M.100.G.9 R:0.11255 P:0.11818 F:0.11530
9 ROUGE-2 Eval D1041-A.M.100.H.9 R:0.08400 P:0.08898 F:0.08642
9 ROUGE-2 Eval D1042-A.M.100.H.9 R:0.08676 P:0.09135 F:0.08900
9 ROUGE-2 Eval D1043-A.M.100.H.9 R:0.12500 P:0.12500 F:0.12500
9 ROUGE-2 Eval D1044-A.M.100.H.9 R:0.05579 P:0.06132 F:0.05842
9 ROUGE-2 Eval D1045-A.M.100.H.9 R:0.07600 P:0.09135 F:0.08297
9 ROUGE-2 Eval D1046-A.M.100.H.9 R:0.03600 P:0.03750 F:0.03673
---------------------------------------------
9 ROUGE-3 Average_R: 0.02129 (95%-conf.int. 0.01589 - 0.02728)
9 ROUGE-3 Average_P: 0.02214 (95%-conf.int. 0.01680 - 0.02799)
9 ROUGE-3 Average_F: 0.02167 (95%-conf.int. 0.01635 - 0.02758)
.............................................
9 ROUGE-3 Eval D1001-A.M.100.A.9 R:0.02979 P:0.03365 F:0.03160
9 ROUGE-3 Eval D1002-A.M.100.A.9 R:0.02597 P:0.02941 F:0.02758
9 ROUGE-3 Eval D1003-A.M.100.A.9 R:0.00448 P:0.00391 F:0.00418
9 ROUGE-3 Eval D1004-A.M.100.A.9 R:0.01709 P:0.01639 F:0.01673
9 ROUGE-3 Eval D1005-A.M.100.A.9 R:0.03390 P:0.03704 F:0.03540
9 ROUGE-3 Eval D1006-A.M.100.A.9 R:0.01186 P:0.01339 F:0.01258
9 ROUGE-3 Eval D1007-A.M.100.B.9 R:0.00000 P:0.00000 F:0.00000
9 ROUGE-3 Eval D1008-A.M.100.B.9 R:0.00417 P:0.00472 F:0.00443
9 ROUGE-3 Eval D1009-A.M.100.B.9 R:0.02294 P:0.02500 F:0.02393
9 ROUGE-3 Eval D1010-A.M.100.B.9 R:0.06198 P:0.06579 F:0.06383
9 ROUGE-3 Eval D1011-A.M.100.C.9 R:0.01339 P:0.01364 F:0.01351
9 ROUGE-3 Eval D1012-A.M.100.C.9 R:0.00420 P:0.00490 F:0.00452
9 ROUGE-3 Eval D1013-A.M.100.C.9 R:0.00830 P:0.00926 F:0.00875
9 ROUGE-3 Eval D1014-A.M.100.C.9 R:0.00000 P:0.00000 F:0.00000
9 ROUGE-3 Eval D1015-A.M.100.C.9 R:0.01167 P:0.01250 F:0.01207
9 ROUGE-3 Eval D1016-A.M.100.C.9 R:0.01860 P:0.01818 F:0.01839
9 ROUGE-3 Eval D1017-A.M.100.D.9 R:0.00000 P:0.00000 F:0.00000
9 ROUGE-3 Eval D1018-A.M.100.D.9 R:0.06494 P:0.05952 F:0.06211
9 ROUGE-3 Eval D1019-A.M.100.D.9 R:0.02586 P:0.02830 F:0.02703
9 ROUGE-3 Eval D1020-A.M.100.D.9 R:0.00855 P:0.00893 F:0.00874
9 ROUGE-3 Eval D1021-A.M.100.D.9 R:0.02632 P:0.02632 F:0.02632
9 ROUGE-3 Eval D1022-A.M.100.D.9 R:0.04329 P:0.04098 F:0.04210
9 ROUGE-3 Eval D1023-A.M.100.E.9 R:0.00855 P:0.00893 F:0.00874
9 ROUGE-3 Eval D1024-A.M.100.E.9 R:0.04310 P:0.04098 F:0.04201
9 ROUGE-3 Eval D1025-A.M.100.E.9 R:0.01835 P:0.01961 F:0.01896
9 ROUGE-3 Eval D1026-A.M.100.E.9 R:0.00000 P:0.00000 F:0.00000
9 ROUGE-3 Eval D1027-A.M.100.E.9 R:0.07377 P:0.07258 F:0.07317
9 ROUGE-3 Eval D1028-A.M.100.E.9 R:0.03448 P:0.03636 F:0.03540
9 ROUGE-3 Eval D1029-A.M.100.F.9 R:0.02586 P:0.02381 F:0.02479
9 ROUGE-3 Eval D1030-A.M.100.F.9 R:0.00410 P:0.00472 F:0.00439
9 ROUGE-3 Eval D1031-A.M.100.F.9 R:0.00844 P:0.00862 F:0.00853
9 ROUGE-3 Eval D1032-A.M.100.F.9 R:0.03937 P:0.04717 F:0.04292
9 ROUGE-3 Eval D1033-A.M.100.F.9 R:0.03419 P:0.03030 F:0.03213
9 ROUGE-3 Eval D1034-A.M.100.F.9 R:0.00851 P:0.00893 F:0.00871
9 ROUGE-3 Eval D1035-A.M.100.G.9 R:0.00420 P:0.00439 F:0.00429
9 ROUGE-3 Eval D1036-A.M.100.G.9 R:0.00000 P:0.00000 F:0.00000
9 ROUGE-3 Eval D1037-A.M.100.G.9 R:0.00000 P:0.00000 F:0.00000
9 ROUGE-3 Eval D1038-A.M.100.G.9 R:0.02429 P:0.03191 F:0.02758
9 ROUGE-3 Eval D1039-A.M.100.G.9 R:0.03376 P:0.03774 F:0.03564
9 ROUGE-3 Eval D1040-A.M.100.G.9 R:0.03084 P:0.03241 F:0.03161
9 ROUGE-3 Eval D1041-A.M.100.H.9 R:0.02439 P:0.02586 F:0.02510
9 ROUGE-3 Eval D1042-A.M.100.H.9 R:0.01395 P:0.01471 F:0.01432
9 ROUGE-3 Eval D1043-A.M.100.H.9 R:0.07895 P:0.07895 F:0.07895
9 ROUGE-3 Eval D1044-A.M.100.H.9 R:0.01310 P:0.01442 F:0.01373
9 ROUGE-3 Eval D1045-A.M.100.H.9 R:0.02033 P:0.02451 F:0.02223
9 ROUGE-3 Eval D1046-A.M.100.H.9 R:0.00813 P:0.00847 F:0.00830
---------------------------------------------
9 ROUGE-4 Average_R: 0.00738 (95%-conf.int. 0.00420 - 0.01105)
9 ROUGE-4 Average_P: 0.00760 (95%-conf.int. 0.00441 - 0.01128)
9 ROUGE-4 Average_F: 0.00748 (95%-conf.int. 0.00428 - 0.01115)
.............................................
9 ROUGE-4 Eval D1001-A.M.100.A.9 R:0.01732 P:0.01961 F:0.01839
9 ROUGE-4 Eval D1002-A.M.100.A.9 R:0.01322 P:0.01500 F:0.01405
9 ROUGE-4 Eval D1003-A.M.100.A.9 R:0.00000 P:0.00000 F:0.00000
9 ROUGE-4 Eval D1004-A.M.100.A.9 R:0.00435 P:0.00417 F:0.00426
9 ROUGE-4 Eval D1005-A.M.100.A.9 R:0.00862 P:0.00943 F:0.00901
9 ROUGE-4 Eval D1006-A.M.100.A.9 R:0.00000 P:0.00000 F:0.00000
9 ROUGE-4 Eval D1007-A.M.100.B.9 R:0.00000 P:0.00000 F:0.00000
9 ROUGE-4 Eval D1008-A.M.100.B.9 R:0.00000 P:0.00000 F:0.00000
9 ROUGE-4 Eval D1009-A.M.100.B.9 R:0.00935 P:0.01020 F:0.00976
9 ROUGE-4 Eval D1010-A.M.100.B.9 R:0.04622 P:0.04911 F:0.04762
9 ROUGE-4 Eval D1011-A.M.100.C.9 R:0.00000 P:0.00000 F:0.00000
9 ROUGE-4 Eval D1012-A.M.100.C.9 R:0.00000 P:0.00000 F:0.00000
9 ROUGE-4 Eval D1013-A.M.100.C.9 R:0.00000 P:0.00000 F:0.00000
9 ROUGE-4 Eval D1014-A.M.100.C.9 R:0.00000 P:0.00000 F:0.00000
9 ROUGE-4 Eval D1015-A.M.100.C.9 R:0.00000 P:0.00000 F:0.00000
9 ROUGE-4 Eval D1016-A.M.100.C.9 R:0.00474 P:0.00463 F:0.00468
9 ROUGE-4 Eval D1017-A.M.100.D.9 R:0.00000 P:0.00000 F:0.00000
9 ROUGE-4 Eval D1018-A.M.100.D.9 R:0.02643 P:0.02419 F:0.02526
9 ROUGE-4 Eval D1019-A.M.100.D.9 R:0.00439 P:0.00481 F:0.00459
9 ROUGE-4 Eval D1020-A.M.100.D.9 R:0.00000 P:0.00000 F:0.00000
9 ROUGE-4 Eval D1021-A.M.100.D.9 R:0.00446 P:0.00446 F:0.00446
9 ROUGE-4 Eval D1022-A.M.100.D.9 R:0.00881 P:0.00833 F:0.00856
9 ROUGE-4 Eval D1023-A.M.100.E.9 R:0.00435 P:0.00455 F:0.00445
9 ROUGE-4 Eval D1024-A.M.100.E.9 R:0.02193 P:0.02083 F:0.02137
9 ROUGE-4 Eval D1025-A.M.100.E.9 R:0.00000 P:0.00000 F:0.00000
9 ROUGE-4 Eval D1026-A.M.100.E.9 R:0.00000 P:0.00000 F:0.00000
9 ROUGE-4 Eval D1027-A.M.100.E.9 R:0.02917 P:0.02869 F:0.02893
9 ROUGE-4 Eval D1028-A.M.100.E.9 R:0.01754 P:0.01852 F:0.01802
9 ROUGE-4 Eval D1029-A.M.100.F.9 R:0.01316 P:0.01210 F:0.01261
9 ROUGE-4 Eval D1030-A.M.100.F.9 R:0.00000 P:0.00000 F:0.00000
9 ROUGE-4 Eval D1031-A.M.100.F.9 R:0.00000 P:0.00000 F:0.00000
9 ROUGE-4 Eval D1032-A.M.100.F.9 R:0.00400 P:0.00481 F:0.00437
9 ROUGE-4 Eval D1033-A.M.100.F.9 R:0.01304 P:0.01154 F:0.01224
9 ROUGE-4 Eval D1034-A.M.100.F.9 R:0.00000 P:0.00000 F:0.00000
9 ROUGE-4 Eval D1035-A.M.100.G.9 R:0.00000 P:0.00000 F:0.00000
9 ROUGE-4 Eval D1036-A.M.100.G.9 R:0.00000 P:0.00000 F:0.00000
9 ROUGE-4 Eval D1037-A.M.100.G.9 R:0.00000 P:0.00000 F:0.00000
9 ROUGE-4 Eval D1038-A.M.100.G.9 R:0.00823 P:0.01087 F:0.00937
9 ROUGE-4 Eval D1039-A.M.100.G.9 R:0.01717 P:0.01923 F:0.01814
9 ROUGE-4 Eval D1040-A.M.100.G.9 R:0.00000 P:0.00000 F:0.00000
9 ROUGE-4 Eval D1041-A.M.100.H.9 R:0.00826 P:0.00877 F:0.00851
9 ROUGE-4 Eval D1042-A.M.100.H.9 R:0.00000 P:0.00000 F:0.00000
9 ROUGE-4 Eval D1043-A.M.100.H.9 R:0.05357 P:0.05357 F:0.05357
9 ROUGE-4 Eval D1044-A.M.100.H.9 R:0.00000 P:0.00000 F:0.00000
9 ROUGE-4 Eval D1045-A.M.100.H.9 R:0.00413 P:0.00500 F:0.00452
9 ROUGE-4 Eval D1046-A.M.100.H.9 R:0.00000 P:0.00000 F:0.00000
